Start testing: Sep 23 05:43 Eastern Daylight Time
----------------------------------------------------------
1/12 Testing: ret0
1/12 Test: ret0
Command: "I:/CEnhanced/build/mingw-release/chancec.exe" "-o" "I:/CEnhanced/build/mingw-release/tests/ret0.exe" "I:/CEnhanced/tests/examples/ret0.ce"
Directory: I:/CEnhanced/build/mingw-release/tests
"ret0" start time: Sep 23 05:43 Eastern Daylight Time
Output:
----------------------------------------------------------
<end of output>
Test time =   0.15 sec
----------------------------------------------------------
Test Passed.
"ret0" end time: Sep 23 05:43 Eastern Daylight Time
"ret0" time elapsed: 00:00:00
----------------------------------------------------------

2/12 Testing: ret0_check
2/12 Test: ret0_check
Command: "E:/Program Files/CMake/bin/cmake.exe" "-P" "I:/CEnhanced/build/mingw-release/tests/ret0_check.cmake"
Directory: I:/CEnhanced/build/mingw-release/tests
"ret0_check" start time: Sep 23 05:43 Eastern Daylight Time
Output:
----------------------------------------------------------
<end of output>
Test time =   0.09 sec
----------------------------------------------------------
Test Passed.
"ret0_check" end time: Sep 23 05:43 Eastern Daylight Time
"ret0_check" time elapsed: 00:00:00
----------------------------------------------------------

3/12 Testing: ret42
3/12 Test: ret42
Command: "I:/CEnhanced/build/mingw-release/chancec.exe" "-o" "I:/CEnhanced/build/mingw-release/tests/ret42.exe" "I:/CEnhanced/tests/examples/ret42.ce"
Directory: I:/CEnhanced/build/mingw-release/tests
"ret42" start time: Sep 23 05:43 Eastern Daylight Time
Output:
----------------------------------------------------------
<end of output>
Test time =   0.17 sec
----------------------------------------------------------
Test Passed.
"ret42" end time: Sep 23 05:43 Eastern Daylight Time
"ret42" time elapsed: 00:00:00
----------------------------------------------------------

4/12 Testing: ret42_check
4/12 Test: ret42_check
Command: "E:/Program Files/CMake/bin/cmake.exe" "-P" "I:/CEnhanced/build/mingw-release/tests/ret42_check.cmake"
Directory: I:/CEnhanced/build/mingw-release/tests
"ret42_check" start time: Sep 23 05:43 Eastern Daylight Time
Output:
----------------------------------------------------------
<end of output>
Test time =   0.11 sec
----------------------------------------------------------
Test Passed.
"ret42_check" end time: Sep 23 05:43 Eastern Daylight Time
"ret42_check" time elapsed: 00:00:00
----------------------------------------------------------

5/12 Testing: ret_sum
5/12 Test: ret_sum
Command: "I:/CEnhanced/build/mingw-release/chancec.exe" "-o" "I:/CEnhanced/build/mingw-release/tests/ret_sum.exe" "I:/CEnhanced/tests/examples/ret_sum.ce"
Directory: I:/CEnhanced/build/mingw-release/tests
"ret_sum" start time: Sep 23 05:43 Eastern Daylight Time
Output:
----------------------------------------------------------
<end of output>
Test time =   0.19 sec
----------------------------------------------------------
Test Passed.
"ret_sum" end time: Sep 23 05:43 Eastern Daylight Time
"ret_sum" time elapsed: 00:00:00
----------------------------------------------------------

6/12 Testing: ret_sum_check
6/12 Test: ret_sum_check
Command: "E:/Program Files/CMake/bin/cmake.exe" "-P" "I:/CEnhanced/build/mingw-release/tests/ret_sum_check.cmake"
Directory: I:/CEnhanced/build/mingw-release/tests
"ret_sum_check" start time: Sep 23 05:43 Eastern Daylight Time
Output:
----------------------------------------------------------
<end of output>
Test time =   0.15 sec
----------------------------------------------------------
Test Passed.
"ret_sum_check" end time: Sep 23 05:43 Eastern Daylight Time
"ret_sum_check" time elapsed: 00:00:00
----------------------------------------------------------

7/12 Testing: call_printf
7/12 Test: call_printf
Command: "I:/CEnhanced/build/mingw-release/chancec.exe" "-o" "I:/CEnhanced/build/mingw-release/tests/call_printf.exe" "I:/CEnhanced/tests/examples/call_printf.ce"
Directory: I:/CEnhanced/build/mingw-release/tests
"call_printf" start time: Sep 23 05:43 Eastern Daylight Time
Output:
----------------------------------------------------------
<end of output>
Test time =   0.14 sec
----------------------------------------------------------
Test Passed.
"call_printf" end time: Sep 23 05:43 Eastern Daylight Time
"call_printf" time elapsed: 00:00:00
----------------------------------------------------------

8/12 Testing: call_printf_check
8/12 Test: call_printf_check
Command: "E:/Program Files/CMake/bin/cmake.exe" "-P" "I:/CEnhanced/build/mingw-release/tests/call_printf_check.cmake"
Directory: I:/CEnhanced/build/mingw-release/tests
"call_printf_check" start time: Sep 23 05:43 Eastern Daylight Time
Output:
----------------------------------------------------------
What's your name? > Hello, CHance! Number: 42
Read 26 bytes
Hello, aaa!
Freeing memory...
CMake Error at call_printf_check.cmake:3 (message):
  Expected rc 16 got 0


<end of output>
Test time =   3.29 sec
----------------------------------------------------------
Test Failed.
"call_printf_check" end time: Sep 23 05:44 Eastern Daylight Time
"call_printf_check" time elapsed: 00:00:03
----------------------------------------------------------

9/12 Testing: ret0_fs
9/12 Test: ret0_fs
Command: "I:/CEnhanced/build/mingw-release/chancec.exe" "--freestanding" "-o" "I:/CEnhanced/build/mingw-release/tests/ret0.exe" "I:/CEnhanced/tests/examples/ret0.ce"
Directory: I:/CEnhanced/build/mingw-release/tests
"ret0_fs" start time: Sep 23 05:44 Eastern Daylight Time
Output:
----------------------------------------------------------
<end of output>
Test time =   0.14 sec
----------------------------------------------------------
Test Passed.
"ret0_fs" end time: Sep 23 05:44 Eastern Daylight Time
"ret0_fs" time elapsed: 00:00:00
----------------------------------------------------------

10/12 Testing: ret0_fs_check
10/12 Test: ret0_fs_check
Command: "E:/Program Files/CMake/bin/cmake.exe" "-P" "I:/CEnhanced/build/mingw-release/tests/ret0_fs_check.cmake"
Directory: I:/CEnhanced/build/mingw-release/tests
"ret0_fs_check" start time: Sep 23 05:44 Eastern Daylight Time
Output:
----------------------------------------------------------
<end of output>
Test time =   0.07 sec
----------------------------------------------------------
Test Passed.
"ret0_fs_check" end time: Sep 23 05:44 Eastern Daylight Time
"ret0_fs_check" time elapsed: 00:00:00
----------------------------------------------------------

11/12 Testing: ret42_fs
11/12 Test: ret42_fs
Command: "I:/CEnhanced/build/mingw-release/chancec.exe" "--freestanding" "-o" "I:/CEnhanced/build/mingw-release/tests/ret42.exe" "I:/CEnhanced/tests/examples/ret42.ce"
Directory: I:/CEnhanced/build/mingw-release/tests
"ret42_fs" start time: Sep 23 05:44 Eastern Daylight Time
Output:
----------------------------------------------------------
<end of output>
Test time =   0.13 sec
----------------------------------------------------------
Test Passed.
"ret42_fs" end time: Sep 23 05:44 Eastern Daylight Time
"ret42_fs" time elapsed: 00:00:00
----------------------------------------------------------

12/12 Testing: ret42_fs_check
12/12 Test: ret42_fs_check
Command: "E:/Program Files/CMake/bin/cmake.exe" "-P" "I:/CEnhanced/build/mingw-release/tests/ret42_fs_check.cmake"
Directory: I:/CEnhanced/build/mingw-release/tests
"ret42_fs_check" start time: Sep 23 05:44 Eastern Daylight Time
Output:
----------------------------------------------------------
<end of output>
Test time =   0.06 sec
----------------------------------------------------------
Test Passed.
"ret42_fs_check" end time: Sep 23 05:44 Eastern Daylight Time
"ret42_fs_check" time elapsed: 00:00:00
----------------------------------------------------------

End testing: Sep 23 05:44 Eastern Daylight Time
